{"C:\\Users\\SEVA\\HRMSSeva\\HRMS-User\\app\\models\\user.js":{"path":"C:\\Users\\SEVA\\HRMSSeva\\HRMS-User\\app\\models\\user.js","s":{"1":1,"2":1,"3":1,"4":1,"5":0,"6":0,"7":0,"8":0,"9":0,"10":0,"11":0,"12":0,"13":0,"14":0,"15":0,"16":0,"17":1,"18":0,"19":0,"20":0,"21":0,"22":1},"b":{"1":[0,0],"2":[0,0],"3":[0,0],"4":[0,0]},"f":{"1":0,"2":0,"3":0,"4":0,"5":0},"fnMap":{"1":{"name":"(anonymous_1)","line":49,"loc":{"start":{"line":49,"column":23},"end":{"line":49,"column":39}}},"2":{"name":"(anonymous_2)","line":58,"loc":{"start":{"line":58,"column":32},"end":{"line":58,"column":53}}},"3":{"name":"(anonymous_3)","line":64,"loc":{"start":{"line":64,"column":47},"end":{"line":64,"column":68}}},"4":{"name":"(anonymous_4)","line":79,"loc":{"start":{"line":79,"column":37},"end":{"line":79,"column":68}}},"5":{"name":"(anonymous_5)","line":81,"loc":{"start":{"line":81,"column":51},"end":{"line":81,"column":75}}}},"statementMap":{"1":{"start":{"line":1,"column":0},"end":{"line":1,"column":35}},"2":{"start":{"line":2,"column":0},"end":{"line":2,"column":38}},"3":{"start":{"line":6,"column":0},"end":{"line":47,"column":3}},"4":{"start":{"line":49,"column":0},"end":{"line":77,"column":3}},"5":{"start":{"line":51,"column":4},"end":{"line":51,"column":20}},"6":{"start":{"line":52,"column":4},"end":{"line":52,"column":24}},"7":{"start":{"line":54,"column":4},"end":{"line":56,"column":5}},"8":{"start":{"line":55,"column":8},"end":{"line":55,"column":22}},"9":{"start":{"line":58,"column":4},"end":{"line":75,"column":7}},"10":{"start":{"line":60,"column":8},"end":{"line":62,"column":9}},"11":{"start":{"line":61,"column":12},"end":{"line":61,"column":29}},"12":{"start":{"line":64,"column":8},"end":{"line":73,"column":11}},"13":{"start":{"line":66,"column":12},"end":{"line":68,"column":13}},"14":{"start":{"line":67,"column":16},"end":{"line":67,"column":33}},"15":{"start":{"line":70,"column":12},"end":{"line":70,"column":33}},"16":{"start":{"line":71,"column":12},"end":{"line":71,"column":19}},"17":{"start":{"line":79,"column":0},"end":{"line":90,"column":1}},"18":{"start":{"line":81,"column":4},"end":{"line":88,"column":7}},"19":{"start":{"line":83,"column":8},"end":{"line":87,"column":9}},"20":{"start":{"line":84,"column":12},"end":{"line":84,"column":27}},"21":{"start":{"line":86,"column":12},"end":{"line":86,"column":30}},"22":{"start":{"line":92,"column":0},"end":{"line":92,"column":52}}},"branchMap":{"1":{"line":54,"type":"if","locations":[{"start":{"line":54,"column":4},"end":{"line":54,"column":4}},{"start":{"line":54,"column":4},"end":{"line":54,"column":4}}]},"2":{"line":60,"type":"if","locations":[{"start":{"line":60,"column":8},"end":{"line":60,"column":8}},{"start":{"line":60,"column":8},"end":{"line":60,"column":8}}]},"3":{"line":66,"type":"if","locations":[{"start":{"line":66,"column":12},"end":{"line":66,"column":12}},{"start":{"line":66,"column":12},"end":{"line":66,"column":12}}]},"4":{"line":83,"type":"if","locations":[{"start":{"line":83,"column":8},"end":{"line":83,"column":8}},{"start":{"line":83,"column":8},"end":{"line":83,"column":8}}]}}}}